18:51:33 **** Incremental Build of configuration Debug for project IoT_TaakV3 ****
"C:\\Users\\dagem\\ModusToolbox\\tools_2.3\\modus-shell\\bin\\make" CY_MAKE_IDE=eclipse CY_MAKE_IDE_VERSION=2.3 CY_IDE_TOOLS_DIR=C:/Users/dagem/ModusToolbox/tools_2.3 -j8 all 
Tools Directory: C:/Users/dagem/ModusToolbox/tools_2.3
CY8CKIT-062-WIFI-BT.mk: ./libs/TARGET_CY8CKIT-062-WIFI-BT/CY8CKIT-062-WIFI-BT.mk
"Could not find schema to validate C:/Users/dagem/Desktop/PXL2/PSOC_IoT/mtb_shared/mtb-pdl-cat1/release-v2.3.1/personalities/peripheral/sar-5.0.cypersonality against. Check the xmlns version against the ../personalities/version.xml file contents."
"Could not find schema to validate C:/Users/dagem/Desktop/PXL2/PSOC_IoT/mtb_shared/mtb-pdl-cat1/release-v2.3.1/personalities/peripheral/saradc-2.0.cypersonality against. Check the xmlns version against the ../personalities/version.xml file contents."

Prebuild operations complete
Commencing build operations...

Tools Directory: C:/Users/dagem/ModusToolbox/tools_2.3
CY8CKIT-062-WIFI-BT.mk: ./libs/TARGET_CY8CKIT-062-WIFI-BT/CY8CKIT-062-WIFI-BT.mk

Initializing build: mtb-example-anycloud-wlan-lowpower Debug CY8CKIT-062-WIFI-BT GCC_ARM

Auto-discovery in progress...
-> Found 511 .c file(s)
-> Found 47 .S file(s)
-> Found 25 .s file(s)
-> Found 4 .cpp file(s)
-> Found 0 .o file(s)
-> Found 6 .a file(s)
-> Found 999 .h file(s)
-> Found 0 .hpp file(s)
-> Found 0 resource file(s)
Applying filters...
Auto-discovery complete

Constructing build rules...
Build rules construction complete

==============================================================================
= Building application =
==============================================================================
Generating compilation database file...
-> ./build/compile_commands.json
Compilation database file generation complete
Building 428 file(s)
==============================================================================
= Build complete =
==============================================================================

Calculating memory consumption: CY8C6247BZI-D54 GCC_ARM -Og

   ---------------------------------------------------- 
  | Section Name         |  Address      |  Size       | 
   ---------------------------------------------------- 
  | .cy_m0p_image        |  0x10000000   |  6428       | 
  | .text                |  0x10002000   |  888728     | 
  | .ARM.exidx           |  0x100daf98   |  8          | 
  | .copy.table          |  0x100dafa0   |  24         | 
  | .zero.table          |  0x100dafb8   |  8          | 
  | .data                |  0x0800228c   |  2084       | 
  | .cy_sharedmem        |  0x08002ab0   |  12         | 
  | .noinit              |  0x08002ac0   |  148        | 
  | .bss                 |  0x08002b58   |  75692      | 
  | .heap                |  0x08015308   |  201976     | 
   ---------------------------------------------------- 

  Total Internal Flash (Available)          1048576    
  Total Internal Flash (Utilized)           899064     

  Total Internal SRAM (Available)           292864     
  Total Internal SRAM (Utilized with heap)  279912     

  

18:51:46 Build Finished. 0 errors, 0 warnings. (took 12s.810ms)

